{"name": "测试搜索功能", "status": "broken", "statusDetails": {"message": "selenium.common.exceptions.NoSuchElementException: Message: no such element: Unable to locate element: {\"method\":\"xpath\",\"selector\":\"//*[@id=\"ember6\"]/header/div/div/div[2]/div/div/div/div/div[1]/div/a/svg\"}\n  (Session info: chrome=134.0.6998.36); For documentation on this error, please visit: https://www.selenium.dev/documentation/webdriver/troubleshooting/errors#no-such-element-exception\nStacktrace:\n\tGetHandleVerifier [0x00007FF68C95DF85+26693]\n\t(No symbol) [0x00007FF68C8BEAD0]\n\t(No symbol) [0x00007FF68C7491CA]\n\t(No symbol) [0x00007FF68C79F747]\n\t(No symbol) [0x00007FF68C79F97C]\n\t(No symbol) [0x00007FF68C7F33C7]\n\t(No symbol) [0x00007FF68C7C792F]\n\t(No symbol) [0x00007FF68C7F00B8]\n\t(No symbol) [0x00007FF68C7C76C3]\n\t(No symbol) [0x00007FF68C790490]\n\t(No symbol) [0x00007FF68C791743]\n\tGetHandleVerifier [0x00007FF68CCB436D+3525677]\n\tGetHandleVerifier [0x00007FF68CCC7F3B+3606523]\n\tGetHandleVerifier [0x00007FF68CCBCEE3+3561379]\n\tGetHandleVerifier [0x00007FF68CA27C0A+853194]\n\t(No symbol) [0x00007FF68C8C990F]\n\t(No symbol) [0x00007FF68C8C5674]\n\t(No symbol) [0x00007FF68C8C5816]\n\t(No symbol) [0x00007FF68C8B4D89]\n\tBaseThreadInitThunk [0x00007FFB5BB8259D+29]\n\tRtlUserThreadStart [0x00007FFB5D20AF38+40]", "trace": "self = <week9_day2.test_allure_log.TestDefaultSuite object at 0x0000020012422770>\n\n    @allure.title(\"测试搜索功能\")  # 为测试用例添加标题\n    @allure.description(\"测试在测试人社区中搜索 allure 的功能\")  # 为测试用例添加描述\n    def test_testdemo(self):\n        # 访问 Flask 服务器的 URL\n        self.driver.get(\"https://ceshiren.com\")\n        time.sleep(20)\n        logger.info(\"打开测试人社区\")\n        self.driver.maximize_window()\n        logger.info(\"页面最大化\")\n    \n        # # 显式等待页面加载完成\n        # WebDriverWait(self.driver, 10).until(\n        #     EC.presence_of_element_located((By.CLASS_NAME, \"information\"))\n        # )\n    \n        # 点击搜索ICON\n        self.driver.find_element(By.CSS_SELECTOR, '#search-button > svg').click()\n        logger.info(\"点击搜索icon\")\n    \n        # 查找搜索框，输入搜索内容\n        self.driver.find_element(By.CSS_SELECTOR, \"#search-term\").send_keys(\"allure\")\n        logger.info(\"点击搜索框，输入搜索内容\")\n    \n        # 点击高级搜索\n>       self.driver.find_element(By.XPATH, '//*[@id=\"ember6\"]/header/div/div/div[2]/div/div/div/div/div[1]/div/a/svg').click()\n\ntest_allure_log.py:96: \n_ _ _ _ _ _ _ _ _ _ _ _ _ _ _ _ _ _ _ _ _ _ _ _ _ _ _ _ _ _ _ _ _ _ _ _ _ _ _ _ _ _ _ _ _ _ _ _ _ _ _ _ _ _ _ _ _ _ _ _ _ _ _ _ _ _ _ _ _ _ _ _ _ _ _ _ _ _ _ _ _ _ _ _\n..\\.venv\\lib\\site-packages\\selenium\\webdriver\\remote\\webdriver.py:898: in find_element\n    return self.execute(Command.FIND_ELEMENT, {\"using\": by, \"value\": value})[\"value\"]\n..\\.venv\\lib\\site-packages\\selenium\\webdriver\\remote\\webdriver.py:429: in execute\n    self.error_handler.check_response(response)\n_ _ _ _ _ _ _ _ _ _ _ _ _ _ _ _ _ _ _ _ _ _ _ _ _ _ _ _ _ _ _ _ _ _ _ _ _ _ _ _ _ _ _ _ _ _ _ _ _ _ _ _ _ _ _ _ _ _ _ _ _ _ _ _ _ _ _ _ _ _ _ _ _ _ _ _ _ _ _ _ _ _ _ _\n\nself = <selenium.webdriver.remote.errorhandler.ErrorHandler object at 0x0000020012422A70>\nresponse = {'status': 404, 'value': '{\"value\":{\"error\":\"no such element\",\"message\":\"no such element: Unable to locate element: {\\...07FF68C8B4D89]\\\\n\\\\tBaseThreadInitThunk [0x00007FFB5BB8259D+29]\\\\n\\\\tRtlUserThreadStart [0x00007FFB5D20AF38+40]\\\\n\"}}'}\n\n    def check_response(self, response: Dict[str, Any]) -> None:\n        \"\"\"Checks that a JSON response from the WebDriver does not have an\n        error.\n    \n        :Args:\n         - response - The JSON response from the WebDriver server as a dictionary\n           object.\n    \n        :Raises: If the response contains an error message.\n        \"\"\"\n        status = response.get(\"status\", None)\n        if not status or status == ErrorCode.SUCCESS:\n            return\n        value = None\n        message = response.get(\"message\", \"\")\n        screen: str = response.get(\"screen\", \"\")\n        stacktrace = None\n        if isinstance(status, int):\n            value_json = response.get(\"value\", None)\n            if value_json and isinstance(value_json, str):\n                import json\n    \n                try:\n                    value = json.loads(value_json)\n                    if len(value) == 1:\n                        value = value[\"value\"]\n                    status = value.get(\"error\", None)\n                    if not status:\n                        status = value.get(\"status\", ErrorCode.UNKNOWN_ERROR)\n                        message = value.get(\"value\") or value.get(\"message\")\n                        if not isinstance(message, str):\n                            value = message\n                            message = message.get(\"message\")\n                    else:\n                        message = value.get(\"message\", None)\n                except ValueError:\n                    pass\n    \n        exception_class: Type[WebDriverException]\n        e = ErrorCode()\n        error_codes = [item for item in dir(e) if not item.startswith(\"__\")]\n        for error_code in error_codes:\n            error_info = getattr(ErrorCode, error_code)\n            if isinstance(error_info, list) and status in error_info:\n                exception_class = getattr(ExceptionMapping, error_code, WebDriverException)\n                break\n        else:\n            exception_class = WebDriverException\n    \n        if not value:\n            value = response[\"value\"]\n        if isinstance(value, str):\n            raise exception_class(value)\n        if message == \"\" and \"message\" in value:\n            message = value[\"message\"]\n    \n        screen = None  # type: ignore[assignment]\n        if \"screen\" in value:\n            screen = value[\"screen\"]\n    \n        stacktrace = None\n        st_value = value.get(\"stackTrace\") or value.get(\"stacktrace\")\n        if st_value:\n            if isinstance(st_value, str):\n                stacktrace = st_value.split(\"\\n\")\n            else:\n                stacktrace = []\n                try:\n                    for frame in st_value:\n                        line = frame.get(\"lineNumber\", \"\")\n                        file = frame.get(\"fileName\", \"<anonymous>\")\n                        if line:\n                            file = f\"{file}:{line}\"\n                        meth = frame.get(\"methodName\", \"<anonymous>\")\n                        if \"className\" in frame:\n                            meth = f\"{frame['className']}.{meth}\"\n                        msg = \"    at %s (%s)\"\n                        msg = msg % (meth, file)\n                        stacktrace.append(msg)\n                except TypeError:\n                    pass\n        if exception_class == UnexpectedAlertPresentException:\n            alert_text = None\n            if \"data\" in value:\n                alert_text = value[\"data\"].get(\"text\")\n            elif \"alert\" in value:\n                alert_text = value[\"alert\"].get(\"text\")\n            raise exception_class(message, screen, stacktrace, alert_text)  # type: ignore[call-arg]  # mypy is not smart enough here\n>       raise exception_class(message, screen, stacktrace)\nE       selenium.common.exceptions.NoSuchElementException: Message: no such element: Unable to locate element: {\"method\":\"xpath\",\"selector\":\"//*[@id=\"ember6\"]/header/div/div/div[2]/div/div/div/div/div[1]/div/a/svg\"}\nE         (Session info: chrome=134.0.6998.36); For documentation on this error, please visit: https://www.selenium.dev/documentation/webdriver/troubleshooting/errors#no-such-element-exception\nE       Stacktrace:\nE       \tGetHandleVerifier [0x00007FF68C95DF85+26693]\nE       \t(No symbol) [0x00007FF68C8BEAD0]\nE       \t(No symbol) [0x00007FF68C7491CA]\nE       \t(No symbol) [0x00007FF68C79F747]\nE       \t(No symbol) [0x00007FF68C79F97C]\nE       \t(No symbol) [0x00007FF68C7F33C7]\nE       \t(No symbol) [0x00007FF68C7C792F]\nE       \t(No symbol) [0x00007FF68C7F00B8]\nE       \t(No symbol) [0x00007FF68C7C76C3]\nE       \t(No symbol) [0x00007FF68C790490]\nE       \t(No symbol) [0x00007FF68C791743]\nE       \tGetHandleVerifier [0x00007FF68CCB436D+3525677]\nE       \tGetHandleVerifier [0x00007FF68CCC7F3B+3606523]\nE       \tGetHandleVerifier [0x00007FF68CCBCEE3+3561379]\nE       \tGetHandleVerifier [0x00007FF68CA27C0A+853194]\nE       \t(No symbol) [0x00007FF68C8C990F]\nE       \t(No symbol) [0x00007FF68C8C5674]\nE       \t(No symbol) [0x00007FF68C8C5816]\nE       \t(No symbol) [0x00007FF68C8B4D89]\nE       \tBaseThreadInitThunk [0x00007FFB5BB8259D+29]\nE       \tRtlUserThreadStart [0x00007FFB5D20AF38+40]\n\n..\\.venv\\lib\\site-packages\\selenium\\webdriver\\remote\\errorhandler.py:232: NoSuchElementException"}, "description": "测试在测试人社区中搜索 allure 的功能", "attachments": [{"name": "log", "source": "76c5e126-634e-4aba-a4de-b102a0cce190-attachment.txt", "type": "text/plain"}, {"name": "stderr", "source": "0b19d0a6-6d73-4a80-89ff-e062080902f3-attachment.txt", "type": "text/plain"}], "start": 1741680438227, "stop": 1741680470859, "uuid": "2895e995-9b3a-4b91-acea-ef8c0f298ba0", "historyId": "4439ef4b397114f05686a234e01b8651", "testCaseId": "4439ef4b397114f05686a234e01b8651", "fullName": "test_allure_log.TestDefaultSuite#test_testdemo", "labels": [{"name": "suite", "value": "test_allure_log"}, {"name": "subSuite", "value": "TestDefaultSuite"}, {"name": "host", "value": "LAPTOP-UQ5S5SKF"}, {"name": "thread", "value": "38244-MainThread"}, {"name": "framework", "value": "pytest"}, {"name": "language", "value": "cpython3"}, {"name": "package", "value": "test_allure_log"}]}