{"name": "测试搜索功能", "status": "broken", "statusDetails": {"message": "selenium.common.exceptions.TimeoutException: Message: \nStacktrace:\n\tGetHandleVerifier [0x00007FF68C95DF85+26693]\n\t(No symbol) [0x00007FF68C8BEAD0]\n\t(No symbol) [0x00007FF68C7491CA]\n\t(No symbol) [0x00007FF68C79F747]\n\t(No symbol) [0x00007FF68C79F97C]\n\t(No symbol) [0x00007FF68C7F33C7]\n\t(No symbol) [0x00007FF68C7C792F]\n\t(No symbol) [0x00007FF68C7F00B8]\n\t(No symbol) [0x00007FF68C7C76C3]\n\t(No symbol) [0x00007FF68C790490]\n\t(No symbol) [0x00007FF68C791743]\n\tGetHandleVerifier [0x00007FF68CCB436D+3525677]\n\tGetHandleVerifier [0x00007FF68CCC7F3B+3606523]\n\tGetHandleVerifier [0x00007FF68CCBCEE3+3561379]\n\tGetHandleVerifier [0x00007FF68CA27C0A+853194]\n\t(No symbol) [0x00007FF68C8C990F]\n\t(No symbol) [0x00007FF68C8C5674]\n\t(No symbol) [0x00007FF68C8C5816]\n\t(No symbol) [0x00007FF68C8B4D89]\n\tBaseThreadInitThunk [0x00007FFB5BB8259D+29]\n\tRtlUserThreadStart [0x00007FFB5D20AF38+40]", "trace": "self = <week9_day2.test_allure_log.TestDefaultSuite object at 0x000001CFEA6227D0>\n\n    @allure.title(\"测试搜索功能\")  # 为测试用例添加标题\n    @allure.description(\"测试在测试人社区中搜索 allure 的功能\")  # 为测试用例添加描述\n    def test_testdemo(self):\n        # 访问 Flask 服务器的 URL\n        self.driver.get(\"https://ceshiren.com/\")\n        time.sleep(20)\n        logger.info(\"打开测试人社区\")\n        self.driver.maximize_window()\n        logger.info(\"页面最大化\")\n    \n        # 显式等待页面加载完成\n>       WebDriverWait(self.driver, 10).until(\n            EC.presence_of_element_located((By.CLASS_NAME, \"information\"))\n        )\n\ntest_allure_log.py:83: \n_ _ _ _ _ _ _ _ _ _ _ _ _ _ _ _ _ _ _ _ _ _ _ _ _ _ _ _ _ _ _ _ _ _ _ _ _ _ _ _ _ _ _ _ _ _ _ _ _ _ _ _ _ _ _ _ _ _ _ _ _ _ _ _ _ _ _ _ _ _ _ _ _ _ _ _ _ _ _ _ _ _ _ _\n\nself = <selenium.webdriver.support.wait.WebDriverWait (session=\"a15030d45e403f28d4ef13d2769d179d\")>\nmethod = <function presence_of_element_located.<locals>._predicate at 0x000001CFEA169BD0>, message = ''\n\n    def until(self, method: Callable[[D], Union[Literal[False], T]], message: str = \"\") -> T:\n        \"\"\"Wait until the method returns a value that is not False.\n    \n        Calls the method provided with the driver as an argument until the\n        return value does not evaluate to ``False``.\n    \n        Parameters:\n        ----------\n        method: callable(WebDriver)\n            - A callable object that takes a WebDriver instance as an argument.\n    \n        message: str\n            - Optional message for :exc:`TimeoutException`\n    \n        Return:\n        -------\n        object: T\n            - The result of the last call to `method`\n    \n        Raises:\n        -------\n        TimeoutException\n            - If 'method' does not return a truthy value within the WebDriverWait\n            object's timeout\n    \n        Example:\n        --------\n        >>> from selenium.webdriver.common.by import By\n        >>> from selenium.webdriver.support.ui import WebDriverWait\n        >>> from selenium.webdriver.support import expected_conditions as EC\n    \n        # Wait until an element is visible on the page\n        >>> wait = WebDriverWait(driver, 10)\n        >>> element = wait.until(EC.visibility_of_element_located((By.ID, \"exampleId\")))\n        >>> print(element.text)\n        \"\"\"\n        screen = None\n        stacktrace = None\n    \n        end_time = time.monotonic() + self._timeout\n        while True:\n            try:\n                value = method(self._driver)\n                if value:\n                    return value\n            except self._ignored_exceptions as exc:\n                screen = getattr(exc, \"screen\", None)\n                stacktrace = getattr(exc, \"stacktrace\", None)\n            if time.monotonic() > end_time:\n                break\n            time.sleep(self._poll)\n>       raise TimeoutException(message, screen, stacktrace)\nE       selenium.common.exceptions.TimeoutException: Message: \nE       Stacktrace:\nE       \tGetHandleVerifier [0x00007FF68C95DF85+26693]\nE       \t(No symbol) [0x00007FF68C8BEAD0]\nE       \t(No symbol) [0x00007FF68C7491CA]\nE       \t(No symbol) [0x00007FF68C79F747]\nE       \t(No symbol) [0x00007FF68C79F97C]\nE       \t(No symbol) [0x00007FF68C7F33C7]\nE       \t(No symbol) [0x00007FF68C7C792F]\nE       \t(No symbol) [0x00007FF68C7F00B8]\nE       \t(No symbol) [0x00007FF68C7C76C3]\nE       \t(No symbol) [0x00007FF68C790490]\nE       \t(No symbol) [0x00007FF68C791743]\nE       \tGetHandleVerifier [0x00007FF68CCB436D+3525677]\nE       \tGetHandleVerifier [0x00007FF68CCC7F3B+3606523]\nE       \tGetHandleVerifier [0x00007FF68CCBCEE3+3561379]\nE       \tGetHandleVerifier [0x00007FF68CA27C0A+853194]\nE       \t(No symbol) [0x00007FF68C8C990F]\nE       \t(No symbol) [0x00007FF68C8C5674]\nE       \t(No symbol) [0x00007FF68C8C5816]\nE       \t(No symbol) [0x00007FF68C8B4D89]\nE       \tBaseThreadInitThunk [0x00007FFB5BB8259D+29]\nE       \tRtlUserThreadStart [0x00007FFB5D20AF38+40]\n\n..\\.venv\\lib\\site-packages\\selenium\\webdriver\\support\\wait.py:146: TimeoutException"}, "description": "测试在测试人社区中搜索 allure 的功能", "attachments": [{"name": "log", "source": "9dae572c-30ec-44df-9589-7b97f110ed5f-attachment.txt", "type": "text/plain"}, {"name": "stderr", "source": "d4e5e526-686f-4912-889a-119cba80fb3c-attachment.txt", "type": "text/plain"}], "start": 1741680186282, "stop": 1741680230479, "uuid": "c40f6215-e96d-42dc-a65f-df0d76bafe86", "historyId": "4439ef4b397114f05686a234e01b8651", "testCaseId": "4439ef4b397114f05686a234e01b8651", "fullName": "test_allure_log.TestDefaultSuite#test_testdemo", "labels": [{"name": "suite", "value": "test_allure_log"}, {"name": "subSuite", "value": "TestDefaultSuite"}, {"name": "host", "value": "LAPTOP-UQ5S5SKF"}, {"name": "thread", "value": "26772-MainThread"}, {"name": "framework", "value": "pytest"}, {"name": "language", "value": "cpython3"}, {"name": "package", "value": "test_allure_log"}]}